<?xml version="1.0" encoding="UTF-8"?>
<testsuite name="dev.mvc.main.FirstProjectApplicationTests" tests="2" skipped="0" failures="0" errors="0" timestamp="2021-10-26T14:02:20" hostname="DESKTOP-AMD367R" time="0.27">
  <properties/>
  <testcase name="testSqlSession()" classname="dev.mvc.main.FirstProjectApplicationTests" time="0.263"/>
  <testcase name="contextLoads()" classname="dev.mvc.main.FirstProjectApplicationTests" time="0.006"/>
  <system-out><![CDATA[23:02:13.522 [Test worker] DEBUG org.springframework.test.context.BootstrapUtils - Instantiating CacheAwareContextLoaderDelegate from class [org.springframework.test.context.cache.DefaultCacheAwareContextLoaderDelegate]
23:02:13.535 [Test worker] DEBUG org.springframework.test.context.BootstrapUtils - Instantiating BootstrapContext using constructor [public org.springframework.test.context.support.DefaultBootstrapContext(java.lang.Class,org.springframework.test.context.CacheAwareContextLoaderDelegate)]
23:02:13.574 [Test worker] DEBUG org.springframework.test.context.BootstrapUtils - Instantiating TestContextBootstrapper for test class [dev.mvc.main.FirstProjectApplicationTests] from class [org.springframework.boot.test.context.SpringBootTestContextBootstrapper]
23:02:13.587 [Test worker] INFO org.springframework.boot.test.context.SpringBootTestContextBootstrapper - Neither @ContextConfiguration nor @ContextHierarchy found for test class [dev.mvc.main.FirstProjectApplicationTests], using SpringBootContextLoader
23:02:13.591 [Test worker] DEBUG org.springframework.test.context.support.AbstractContextLoader - Did not detect default resource location for test class [dev.mvc.main.FirstProjectApplicationTests]: class path resource [dev/mvc/main/FirstProjectApplicationTests-context.xml] does not exist
23:02:13.591 [Test worker] DEBUG org.springframework.test.context.support.AbstractContextLoader - Did not detect default resource location for test class [dev.mvc.main.FirstProjectApplicationTests]: class path resource [dev/mvc/main/FirstProjectApplicationTestsContext.groovy] does not exist
23:02:13.591 [Test worker] INFO org.springframework.test.context.support.AbstractContextLoader - Could not detect default resource locations for test class [dev.mvc.main.FirstProjectApplicationTests]: no resource found for suffixes {-context.xml, Context.groovy}.
23:02:13.592 [Test worker] INFO org.springframework.test.context.support.AnnotationConfigContextLoaderUtils - Could not detect default configuration classes for test class [dev.mvc.main.FirstProjectApplicationTests]: FirstProjectApplicationTests does not declare any static, non-private, non-final, nested classes annotated with @Configuration.
23:02:13.638 [Test worker] DEBUG org.springframework.test.context.support.ActiveProfilesUtils - Could not find an 'annotation declaring class' for annotation type [org.springframework.test.context.ActiveProfiles] and class [dev.mvc.main.FirstProjectApplicationTests]
23:02:13.717 [Test worker] DEBUG org.springframework.context.annotation.ClassPathScanningCandidateComponentProvider - Identified candidate component class: file [C:\kd1\ws_java\first_project\build\classes\java\main\dev\mvc\main\FirstProjectApplication.class]
23:02:13.730 [Test worker] INFO org.springframework.boot.test.context.SpringBootTestContextBootstrapper - Found @SpringBootConfiguration dev.mvc.main.FirstProjectApplication for test class dev.mvc.main.FirstProjectApplicationTests
23:02:13.847 [Test worker] DEBUG org.springframework.boot.test.context.SpringBootTestContextBootstrapper - @TestExecutionListeners is not present for class [dev.mvc.main.FirstProjectApplicationTests]: using defaults.
23:02:13.847 [Test worker] INFO org.springframework.boot.test.context.SpringBootTestContextBootstrapper - Loaded default TestExecutionListener class names from location [META-INF/spring.factories]: [org.springframework.boot.test.autoconfigure.restdocs.RestDocsTestExecutionListener, org.springframework.boot.test.autoconfigure.web.client.MockRestServiceServerResetTestExecutionListener, org.springframework.boot.test.autoconfigure.web.servlet.MockMvcPrintOnlyOnFailureTestExecutionListener, org.springframework.boot.test.autoconfigure.web.servlet.WebDriverTestExecutionListener, org.springframework.boot.test.autoconfigure.webservices.client.MockWebServiceServerTestExecutionListener, org.springframework.boot.test.mock.mockito.MockitoTestExecutionListener, org.springframework.boot.test.mock.mockito.ResetMocksTestExecutionListener, org.springframework.test.context.web.ServletTestExecutionListener, org.springframework.test.context.support.DirtiesContextBeforeModesTestExecutionListener, org.springframework.test.context.event.ApplicationEventsTestExecutionListener, org.springframework.test.context.support.DependencyInjectionTestExecutionListener, org.springframework.test.context.support.DirtiesContextTestExecutionListener, org.springframework.test.context.transaction.TransactionalTestExecutionListener, org.springframework.test.context.jdbc.SqlScriptsTestExecutionListener, org.springframework.test.context.event.EventPublishingTestExecutionListener]
23:02:13.868 [Test worker] INFO org.springframework.boot.test.context.SpringBootTestContextBootstrapper - Using TestExecutionListeners: [org.springframework.test.context.web.ServletTestExecutionListener@28249c7d, org.springframework.test.context.support.DirtiesContextBeforeModesTestExecutionListener@692e2020, org.springframework.test.context.event.ApplicationEventsTestExecutionListener@753ef27b, org.springframework.boot.test.mock.mockito.MockitoTestExecutionListener@4ed65f65, org.springframework.boot.test.autoconfigure.SpringBootDependencyInjectionTestExecutionListener@421df5b6, org.springframework.test.context.support.DirtiesContextTestExecutionListener@5a2ae2f5, org.springframework.test.context.transaction.TransactionalTestExecutionListener@58057ee1, org.springframework.test.context.jdbc.SqlScriptsTestExecutionListener@24542ff3, org.springframework.test.context.event.EventPublishingTestExecutionListener@9c9de8a, org.springframework.boot.test.autoconfigure.restdocs.RestDocsTestExecutionListener@479a80c, org.springframework.boot.test.autoconfigure.web.client.MockRestServiceServerResetTestExecutionListener@77f83c14, org.springframework.boot.test.autoconfigure.web.servlet.MockMvcPrintOnlyOnFailureTestExecutionListener@7256beaf, org.springframework.boot.test.autoconfigure.web.servlet.WebDriverTestExecutionListener@352c03e1, org.springframework.boot.test.autoconfigure.webservices.client.MockWebServiceServerTestExecutionListener@7c5cf480, org.springframework.boot.test.mock.mockito.ResetMocksTestExecutionListener@4a727f83]
23:02:13.872 [Test worker] DEBUG org.springframework.test.context.support.AbstractDirtiesContextTestExecutionListener - Before test class: context [DefaultTestContext@e3f55ba testClass = FirstProjectApplicationTests, testInstance = [null], testMethod = [null], testException = [null], mergedContextConfiguration = [WebMergedContextConfiguration@df1764b testClass = FirstProjectApplicationTests, locations = '{}', classes = '{class dev.mvc.main.FirstProjectApplication}', contextInitializerClasses = '[]', activeProfiles = '{}', propertySourceLocations = '{}', propertySourceProperties = '{org.springframework.boot.test.context.SpringBootTestContextBootstrapper=true}', contextCustomizers = set[org.springframework.boot.test.autoconfigure.actuate.metrics.MetricsExportContextCustomizerFactory$DisableMetricExportContextCustomizer@560215f0, org.springframework.boot.test.autoconfigure.properties.PropertyMappingContextCustomizer@0, org.springframework.boot.test.autoconfigure.web.servlet.WebDriverContextCustomizerFactory$Customizer@2728a097, org.springframework.boot.test.context.filter.ExcludeFilterContextCustomizer@645372be, org.springframework.boot.test.json.DuplicateJsonObjectContextCustomizerFactory$DuplicateJsonObjectContextCustomizer@64986315, org.springframework.boot.test.mock.mockito.MockitoContextCustomizer@0, org.springframework.boot.test.web.client.TestRestTemplateContextCustomizer@3fbc00ee, org.springframework.boot.test.context.SpringBootTestArgs@1, org.springframework.boot.test.context.SpringBootTestWebEnvironment@460442d9], resourceBasePath = 'src/main/webapp', contextLoader = 'org.springframework.boot.test.context.SpringBootContextLoader', parent = [null]], attributes = map['org.springframework.test.context.web.ServletTestExecutionListener.activateListener' -> true]], class annotated with @DirtiesContext [false] with mode [null].
23:02:13.905 [Test worker] DEBUG org.springframework.test.context.support.TestPropertySourceUtils - Adding inlined properties to environment: {spring.jmx.enabled=false, org.springframework.boot.test.context.SpringBootTestContextBootstrapper=true}

  .   ____          _            __ _ _
 /\\ / ___'_ __ _ _(_)_ __  __ _ \ \ \ \
( ( )\___ | '_ | '_| | '_ \/ _` | \ \ \ \
 \\/  ___)| |_)| | | | | || (_| |  ) ) ) )
  '  |____| .__|_| |_|_| |_\__, | / / / /
 =========|_|==============|___/=/_/_/_/
 :: Spring Boot ::               (v2.4.10)

2021-10-26 23:02:14.229  INFO 8420 --- [    Test worker] d.mvc.main.FirstProjectApplicationTests  : Starting FirstProjectApplicationTests using Java 1.8.0_301 on DESKTOP-AMD367R with PID 8420 (started by su12n in C:\kd1\ws_java\first_project)
2021-10-26 23:02:14.232  INFO 8420 --- [    Test worker] d.mvc.main.FirstProjectApplicationTests  : No active profile set, falling back to default profiles: default
2021-10-26 23:02:16.100  INFO 8420 --- [    Test worker] com.zaxxer.hikari.HikariDataSource       : HikariPool-1 - Starting...
2021-10-26 23:02:16.224  WARN 8420 --- [    Test worker] com.zaxxer.hikari.util.DriverDataSource  : Registered driver with driverClassName=oracle.jdbc.driver.OracleDriver was not found, trying direct instantiation.
2021-10-26 23:02:19.197  INFO 8420 --- [    Test worker] com.zaxxer.hikari.HikariDataSource       : HikariPool-1 - Start completed.
HikariDataSource (HikariPool-1)
Tech Cont 실행 됨
2021-10-26 23:02:20.577  INFO 8420 --- [    Test worker] d.mvc.main.FirstProjectApplicationTests  : Started FirstProjectApplicationTests in 6.664 seconds (JVM running for 8.153)
org.mybatis.spring.SqlSessionTemplate@2982a33f
]]></system-out>
  <system-err><![CDATA[]]></system-err>
</testsuite>
